[13-Feb-2023 05:14:22 UTC] PHP Notice:  Trying to access array offset on value of type null in C:\xampp\htdocs\fictional-university.local\wp-content\themes\fictional-university-theme\functions.php on line 20
[13-Feb-2023 05:14:22 UTC] PHP Notice:  Undefined index: subtitle in C:\xampp\htdocs\fictional-university.local\wp-content\themes\fictional-university-theme\functions.php on line 23
[13-Feb-2023 05:14:22 UTC] PHP Notice:  Undefined index: image in C:\xampp\htdocs\fictional-university.local\wp-content\themes\fictional-university-theme\functions.php on line 26
[13-Feb-2023 05:14:23 UTC] Xdebug: [Step Debug] Time-out connecting to debugging client, waited: 200 ms. Tried: localhost:9000 (through xdebug.client_host/xdebug.client_port) :-(
[13-Feb-2023 05:14:23 UTC] Xdebug: [Step Debug] Time-out connecting to debugging client, waited: 200 ms. Tried: localhost:9000 (through xdebug.client_host/xdebug.client_port) :-(
[13-Feb-2023 05:14:26 UTC] PHP Notice:  Undefined index: image in C:\xampp\htdocs\fictional-university.local\wp-content\themes\fictional-university-theme\functions.php on line 26
[13-Feb-2023 05:14:26 UTC] Xdebug: [Step Debug] Time-out connecting to debugging client, waited: 200 ms. Tried: localhost:9000 (through xdebug.client_host/xdebug.client_port) :-(
[13-Feb-2023 05:14:27 UTC] Xdebug: [Step Debug] Time-out connecting to debugging client, waited: 200 ms. Tried: localhost:9000 (through xdebug.client_host/xdebug.client_port) :-(
[13-Feb-2023 05:14:28 UTC] PHP Notice:  Trying to access array offset on value of type null in C:\xampp\htdocs\fictional-university.local\wp-content\themes\fictional-university-theme\functions.php on line 20
[13-Feb-2023 05:14:28 UTC] PHP Notice:  Undefined index: subtitle in C:\xampp\htdocs\fictional-university.local\wp-content\themes\fictional-university-theme\functions.php on line 23
[13-Feb-2023 05:14:28 UTC] PHP Notice:  Undefined index: image in C:\xampp\htdocs\fictional-university.local\wp-content\themes\fictional-university-theme\functions.php on line 26
[13-Feb-2023 05:14:29 UTC] Xdebug: [Step Debug] Time-out connecting to debugging client, waited: 200 ms. Tried: localhost:9000 (through xdebug.client_host/xdebug.client_port) :-(
[13-Feb-2023 05:14:29 UTC] Xdebug: [Step Debug] Time-out connecting to debugging client, waited: 200 ms. Tried: localhost:9000 (through xdebug.client_host/xdebug.client_port) :-(
[13-Feb-2023 05:14:31 UTC] Xdebug: [Step Debug] Time-out connecting to debugging client, waited: 200 ms. Tried: localhost:9000 (through xdebug.client_host/xdebug.client_port) :-(
[13-Feb-2023 05:14:31 UTC] Xdebug: [Step Debug] Time-out connecting to debugging client, waited: 200 ms. Tried: localhost:9000 (through xdebug.client_host/xdebug.client_port) :-(
[13-Feb-2023 05:14:45 UTC] PHP Notice:  Trying to access array offset on value of type null in C:\xampp\htdocs\fictional-university.local\wp-content\themes\fictional-university-theme\functions.php on line 20
[13-Feb-2023 05:14:45 UTC] PHP Notice:  Undefined index: subtitle in C:\xampp\htdocs\fictional-university.local\wp-content\themes\fictional-university-theme\functions.php on line 23
[13-Feb-2023 05:14:45 UTC] PHP Notice:  Undefined index: image in C:\xampp\htdocs\fictional-university.local\wp-content\themes\fictional-university-theme\functions.php on line 26
[13-Feb-2023 05:14:46 UTC] Xdebug: [Step Debug] Time-out connecting to debugging client, waited: 200 ms. Tried: localhost:9000 (through xdebug.client_host/xdebug.client_port) :-(
[13-Feb-2023 05:14:46 UTC] Xdebug: [Step Debug] Time-out connecting to debugging client, waited: 200 ms. Tried: localhost:9000 (through xdebug.client_host/xdebug.client_port) :-(
[13-Feb-2023 05:14:56 UTC] PHP Notice:  Trying to access array offset on value of type null in C:\xampp\htdocs\fictional-university.local\wp-content\themes\fictional-university-theme\functions.php on line 20
[13-Feb-2023 05:14:56 UTC] PHP Notice:  Undefined index: subtitle in C:\xampp\htdocs\fictional-university.local\wp-content\themes\fictional-university-theme\functions.php on line 23
[13-Feb-2023 05:14:56 UTC] PHP Notice:  Undefined index: image in C:\xampp\htdocs\fictional-university.local\wp-content\themes\fictional-university-theme\functions.php on line 26
[13-Feb-2023 05:14:57 UTC] Xdebug: [Step Debug] Time-out connecting to debugging client, waited: 200 ms. Tried: localhost:9000 (through xdebug.client_host/xdebug.client_port) :-(
[13-Feb-2023 05:14:57 UTC] Xdebug: [Step Debug] Time-out connecting to debugging client, waited: 200 ms. Tried: localhost:9000 (through xdebug.client_host/xdebug.client_port) :-(
[13-Feb-2023 05:15:01 UTC] PHP Notice:  Trying to access array offset on value of type null in C:\xampp\htdocs\fictional-university.local\wp-content\themes\fictional-university-theme\functions.php on line 20
[13-Feb-2023 05:15:01 UTC] PHP Notice:  Undefined index: subtitle in C:\xampp\htdocs\fictional-university.local\wp-content\themes\fictional-university-theme\functions.php on line 23
[13-Feb-2023 05:15:01 UTC] PHP Notice:  Undefined index: image in C:\xampp\htdocs\fictional-university.local\wp-content\themes\fictional-university-theme\functions.php on line 26
[13-Feb-2023 05:15:01 UTC] Xdebug: [Step Debug] Time-out connecting to debugging client, waited: 200 ms. Tried: localhost:9000 (through xdebug.client_host/xdebug.client_port) :-(
[13-Feb-2023 05:15:02 UTC] Xdebug: [Step Debug] Time-out connecting to debugging client, waited: 200 ms. Tried: localhost:9000 (through xdebug.client_host/xdebug.client_port) :-(
[13-Feb-2023 05:15:04 UTC] Xdebug: [Step Debug] Time-out connecting to debugging client, waited: 200 ms. Tried: localhost:9000 (through xdebug.client_host/xdebug.client_port) :-(
[13-Feb-2023 05:15:04 UTC] Xdebug: [Step Debug] Time-out connecting to debugging client, waited: 200 ms. Tried: localhost:9000 (through xdebug.client_host/xdebug.client_port) :-(
[13-Feb-2023 05:17:41 UTC] Xdebug: [Step Debug] Time-out connecting to debugging client, waited: 200 ms. Tried: localhost:9000 (through xdebug.client_host/xdebug.client_port) :-(
[13-Feb-2023 05:17:41 UTC] Xdebug: [Step Debug] Time-out connecting to debugging client, waited: 200 ms. Tried: localhost:9000 (through xdebug.client_host/xdebug.client_port) :-(
[13-Feb-2023 05:17:54 UTC] Xdebug: [Step Debug] Time-out connecting to debugging client, waited: 200 ms. Tried: localhost:9000 (through xdebug.client_host/xdebug.client_port) :-(
[13-Feb-2023 05:17:55 UTC] Xdebug: [Step Debug] Time-out connecting to debugging client, waited: 200 ms. Tried: localhost:9000 (through xdebug.client_host/xdebug.client_port) :-(
[13-Feb-2023 05:17:58 UTC] Xdebug: [Step Debug] Time-out connecting to debugging client, waited: 200 ms. Tried: localhost:9000 (through xdebug.client_host/xdebug.client_port) :-(
[13-Feb-2023 05:17:58 UTC] Xdebug: [Step Debug] Time-out connecting to debugging client, waited: 200 ms. Tried: localhost:9000 (through xdebug.client_host/xdebug.client_port) :-(
[13-Feb-2023 05:18:02 UTC] Xdebug: [Step Debug] Time-out connecting to debugging client, waited: 200 ms. Tried: localhost:9000 (through xdebug.client_host/xdebug.client_port) :-(
[13-Feb-2023 05:18:02 UTC] Xdebug: [Step Debug] Time-out connecting to debugging client, waited: 200 ms. Tried: localhost:9000 (through xdebug.client_host/xdebug.client_port) :-(
[13-Feb-2023 05:18:05 UTC] Xdebug: [Step Debug] Time-out connecting to debugging client, waited: 200 ms. Tried: localhost:9000 (through xdebug.client_host/xdebug.client_port) :-(
[13-Feb-2023 05:18:06 UTC] Xdebug: [Step Debug] Time-out connecting to debugging client, waited: 200 ms. Tried: localhost:9000 (through xdebug.client_host/xdebug.client_port) :-(
[13-Feb-2023 05:18:08 UTC] Xdebug: [Step Debug] Time-out connecting to debugging client, waited: 200 ms. Tried: localhost:9000 (through xdebug.client_host/xdebug.client_port) :-(
[13-Feb-2023 05:18:08 UTC] Xdebug: [Step Debug] Time-out connecting to debugging client, waited: 200 ms. Tried: localhost:9000 (through xdebug.client_host/xdebug.client_port) :-(
[13-Feb-2023 05:18:11 UTC] Xdebug: [Step Debug] Time-out connecting to debugging client, waited: 200 ms. Tried: localhost:9000 (through xdebug.client_host/xdebug.client_port) :-(
[13-Feb-2023 05:18:11 UTC] Xdebug: [Step Debug] Time-out connecting to debugging client, waited: 200 ms. Tried: localhost:9000 (through xdebug.client_host/xdebug.client_port) :-(
[13-Feb-2023 05:18:15 UTC] Xdebug: [Step Debug] Time-out connecting to debugging client, waited: 200 ms. Tried: localhost:9000 (through xdebug.client_host/xdebug.client_port) :-(
[13-Feb-2023 05:18:15 UTC] Xdebug: [Step Debug] Time-out connecting to debugging client, waited: 200 ms. Tried: localhost:9000 (through xdebug.client_host/xdebug.client_port) :-(
[13-Feb-2023 05:19:23 UTC] Xdebug: [Step Debug] Time-out connecting to debugging client, waited: 200 ms. Tried: localhost:9000 (through xdebug.client_host/xdebug.client_port) :-(
[13-Feb-2023 05:19:24 UTC] Xdebug: [Step Debug] Time-out connecting to debugging client, waited: 200 ms. Tried: localhost:9000 (through xdebug.client_host/xdebug.client_port) :-(
[13-Feb-2023 05:27:00 UTC] Xdebug: [Step Debug] Time-out connecting to debugging client, waited: 200 ms. Tried: localhost:9000 (through xdebug.client_host/xdebug.client_port) :-(
[13-Feb-2023 05:27:01 UTC] Xdebug: [Step Debug] Time-out connecting to debugging client, waited: 200 ms. Tried: localhost:9000 (through xdebug.client_host/xdebug.client_port) :-(
[13-Feb-2023 05:27:23 UTC] Xdebug: [Step Debug] Time-out connecting to debugging client, waited: 200 ms. Tried: localhost:9000 (through xdebug.client_host/xdebug.client_port) :-(
[13-Feb-2023 05:27:23 UTC] Xdebug: [Step Debug] Time-out connecting to debugging client, waited: 200 ms. Tried: localhost:9000 (through xdebug.client_host/xdebug.client_port) :-(
[13-Feb-2023 05:32:59 UTC] Xdebug: [Step Debug] Time-out connecting to debugging client, waited: 200 ms. Tried: localhost:9000 (through xdebug.client_host/xdebug.client_port) :-(
[13-Feb-2023 05:32:59 UTC] Xdebug: [Step Debug] Time-out connecting to debugging client, waited: 200 ms. Tried: localhost:9000 (through xdebug.client_host/xdebug.client_port) :-(
[13-Feb-2023 05:33:02 UTC] Xdebug: [Step Debug] Time-out connecting to debugging client, waited: 200 ms. Tried: localhost:9000 (through xdebug.client_host/xdebug.client_port) :-(
[13-Feb-2023 05:33:03 UTC] Xdebug: [Step Debug] Time-out connecting to debugging client, waited: 200 ms. Tried: localhost:9000 (through xdebug.client_host/xdebug.client_port) :-(
[13-Feb-2023 05:33:06 UTC] Xdebug: [Step Debug] Time-out connecting to debugging client, waited: 200 ms. Tried: localhost:9000 (through xdebug.client_host/xdebug.client_port) :-(
[13-Feb-2023 05:33:07 UTC] Xdebug: [Step Debug] Time-out connecting to debugging client, waited: 200 ms. Tried: localhost:9000 (through xdebug.client_host/xdebug.client_port) :-(
[13-Feb-2023 05:33:10 UTC] Xdebug: [Step Debug] Time-out connecting to debugging client, waited: 200 ms. Tried: localhost:9000 (through xdebug.client_host/xdebug.client_port) :-(
[13-Feb-2023 05:33:11 UTC] Xdebug: [Step Debug] Time-out connecting to debugging client, waited: 200 ms. Tried: localhost:9000 (through xdebug.client_host/xdebug.client_port) :-(
[13-Feb-2023 05:34:27 UTC] PHP Notice:  Undefined offset: 0 in C:\xampp\htdocs\fictional-university.local\wp-content\themes\fictional-university-theme\single-professor.php on line 54
[13-Feb-2023 05:34:27 UTC] PHP Notice:  Trying to get property 'ID' of non-object in C:\xampp\htdocs\fictional-university.local\wp-content\themes\fictional-university-theme\single-professor.php on line 54
[13-Feb-2023 05:34:28 UTC] Xdebug: [Step Debug] Time-out connecting to debugging client, waited: 200 ms. Tried: localhost:9000 (through xdebug.client_host/xdebug.client_port) :-(
[13-Feb-2023 05:34:28 UTC] Xdebug: [Step Debug] Time-out connecting to debugging client, waited: 200 ms. Tried: localhost:9000 (through xdebug.client_host/xdebug.client_port) :-(
[13-Feb-2023 07:25:17 UTC] PHP Notice:  Trying to access array offset on value of type null in C:\xampp\htdocs\fictional-university.local\wp-content\themes\fictional-university-theme\functions.php on line 20
[13-Feb-2023 07:25:17 UTC] PHP Notice:  Undefined index: subtitle in C:\xampp\htdocs\fictional-university.local\wp-content\themes\fictional-university-theme\functions.php on line 23
[13-Feb-2023 07:25:17 UTC] PHP Notice:  Undefined index: image in C:\xampp\htdocs\fictional-university.local\wp-content\themes\fictional-university-theme\functions.php on line 26
[13-Feb-2023 07:25:17 UTC] Xdebug: [Step Debug] Time-out connecting to debugging client, waited: 200 ms. Tried: localhost:9000 (through xdebug.client_host/xdebug.client_port) :-(
[13-Feb-2023 07:25:18 UTC] Xdebug: [Step Debug] Time-out connecting to debugging client, waited: 200 ms. Tried: localhost:9000 (through xdebug.client_host/xdebug.client_port) :-(
[13-Feb-2023 07:25:29 UTC] PHP Notice:  Undefined variable: alreadyExist in C:\xampp\htdocs\fictional-university.local\wp-content\themes\fictional-university-theme\single-professor.php on line 54
[13-Feb-2023 07:25:29 UTC] PHP Notice:  Trying to get property 'posts' of non-object in C:\xampp\htdocs\fictional-university.local\wp-content\themes\fictional-university-theme\single-professor.php on line 54
[13-Feb-2023 07:25:29 UTC] PHP Notice:  Trying to access array offset on value of type null in C:\xampp\htdocs\fictional-university.local\wp-content\themes\fictional-university-theme\single-professor.php on line 54
[13-Feb-2023 07:25:29 UTC] PHP Notice:  Trying to get property 'ID' of non-object in C:\xampp\htdocs\fictional-university.local\wp-content\themes\fictional-university-theme\single-professor.php on line 54
[13-Feb-2023 07:25:30 UTC] Xdebug: [Step Debug] Time-out connecting to debugging client, waited: 200 ms. Tried: localhost:9000 (through xdebug.client_host/xdebug.client_port) :-(
[13-Feb-2023 07:25:30 UTC] Xdebug: [Step Debug] Time-out connecting to debugging client, waited: 200 ms. Tried: localhost:9000 (through xdebug.client_host/xdebug.client_port) :-(
[13-Feb-2023 07:52:28 UTC] PHP Notice:  Undefined variable: alreadyExist in C:\xampp\htdocs\fictional-university.local\wp-content\themes\fictional-university-theme\single-professor.php on line 54
[13-Feb-2023 07:52:28 UTC] PHP Notice:  Trying to get property 'posts' of non-object in C:\xampp\htdocs\fictional-university.local\wp-content\themes\fictional-university-theme\single-professor.php on line 54
[13-Feb-2023 07:52:28 UTC] PHP Notice:  Trying to access array offset on value of type null in C:\xampp\htdocs\fictional-university.local\wp-content\themes\fictional-university-theme\single-professor.php on line 54
[13-Feb-2023 07:52:28 UTC] PHP Notice:  Trying to get property 'ID' of non-object in C:\xampp\htdocs\fictional-university.local\wp-content\themes\fictional-university-theme\single-professor.php on line 54
[13-Feb-2023 07:52:32 UTC] PHP Deprecated:  Hook login_headertitle is <strong>deprecated</strong> since version 5.2.0! Use login_headertext instead. Usage of the title attribute on the login logo is not recommended for accessibility reasons. Use the link text instead. in C:\xampp\htdocs\fictional-university.local\wp-includes\functions.php on line 5758
[13-Feb-2023 07:52:54 UTC] PHP Notice:  Trying to access array offset on value of type null in C:\xampp\htdocs\fictional-university.local\wp-content\themes\fictional-university-theme\functions.php on line 20
[13-Feb-2023 07:52:54 UTC] PHP Notice:  Undefined index: subtitle in C:\xampp\htdocs\fictional-university.local\wp-content\themes\fictional-university-theme\functions.php on line 23
[13-Feb-2023 07:52:54 UTC] PHP Notice:  Undefined index: image in C:\xampp\htdocs\fictional-university.local\wp-content\themes\fictional-university-theme\functions.php on line 26
[13-Feb-2023 07:52:57 UTC] PHP Notice:  Undefined index: image in C:\xampp\htdocs\fictional-university.local\wp-content\themes\fictional-university-theme\functions.php on line 26
[13-Feb-2023 07:53:00 UTC] PHP Notice:  Trying to access array offset on value of type null in C:\xampp\htdocs\fictional-university.local\wp-content\themes\fictional-university-theme\functions.php on line 20
[13-Feb-2023 07:53:00 UTC] PHP Notice:  Undefined index: subtitle in C:\xampp\htdocs\fictional-university.local\wp-content\themes\fictional-university-theme\functions.php on line 23
[13-Feb-2023 07:53:00 UTC] PHP Notice:  Undefined index: image in C:\xampp\htdocs\fictional-university.local\wp-content\themes\fictional-university-theme\functions.php on line 26
[13-Feb-2023 07:53:04 UTC] PHP Notice:  Undefined offset: 0 in C:\xampp\htdocs\fictional-university.local\wp-content\themes\fictional-university-theme\single-professor.php on line 54
[13-Feb-2023 07:53:04 UTC] PHP Notice:  Trying to get property 'ID' of non-object in C:\xampp\htdocs\fictional-university.local\wp-content\themes\fictional-university-theme\single-professor.php on line 54
[13-Feb-2023 08:00:01 UTC] Xdebug: [Step Debug] Time-out connecting to debugging client, waited: 200 ms. Tried: localhost:9000 (through xdebug.client_host/xdebug.client_port) :-(
[13-Feb-2023 08:00:02 UTC] Xdebug: [Step Debug] Time-out connecting to debugging client, waited: 200 ms. Tried: localhost:9000 (through xdebug.client_host/xdebug.client_port) :-(
[13-Feb-2023 08:03:45 UTC] Xdebug: [Step Debug] Time-out connecting to debugging client, waited: 200 ms. Tried: localhost:9000 (through xdebug.client_host/xdebug.client_port) :-(
[13-Feb-2023 08:03:45 UTC] Xdebug: [Step Debug] Time-out connecting to debugging client, waited: 200 ms. Tried: localhost:9000 (through xdebug.client_host/xdebug.client_port) :-(
[13-Feb-2023 08:04:48 UTC] PHP Notice:  Undefined index: image in C:\xampp\htdocs\fictional-university.local\wp-content\themes\fictional-university-theme\functions.php on line 26
[13-Feb-2023 08:04:48 UTC] Xdebug: [Step Debug] Time-out connecting to debugging client, waited: 200 ms. Tried: localhost:9000 (through xdebug.client_host/xdebug.client_port) :-(
[13-Feb-2023 08:04:49 UTC] Xdebug: [Step Debug] Time-out connecting to debugging client, waited: 200 ms. Tried: localhost:9000 (through xdebug.client_host/xdebug.client_port) :-(
[13-Feb-2023 08:04:51 UTC] PHP Notice:  Trying to access array offset on value of type null in C:\xampp\htdocs\fictional-university.local\wp-content\themes\fictional-university-theme\functions.php on line 20
[13-Feb-2023 08:04:51 UTC] PHP Notice:  Undefined index: subtitle in C:\xampp\htdocs\fictional-university.local\wp-content\themes\fictional-university-theme\functions.php on line 23
[13-Feb-2023 08:04:51 UTC] PHP Notice:  Undefined index: image in C:\xampp\htdocs\fictional-university.local\wp-content\themes\fictional-university-theme\functions.php on line 26
[13-Feb-2023 08:04:51 UTC] Xdebug: [Step Debug] Time-out connecting to debugging client, waited: 200 ms. Tried: localhost:9000 (through xdebug.client_host/xdebug.client_port) :-(
[13-Feb-2023 08:04:51 UTC] Xdebug: [Step Debug] Time-out connecting to debugging client, waited: 200 ms. Tried: localhost:9000 (through xdebug.client_host/xdebug.client_port) :-(
[13-Feb-2023 08:04:55 UTC] PHP Notice:  Undefined offset: 0 in C:\xampp\htdocs\fictional-university.local\wp-content\themes\fictional-university-theme\single-professor.php on line 54
[13-Feb-2023 08:04:55 UTC] PHP Notice:  Trying to get property 'ID' of non-object in C:\xampp\htdocs\fictional-university.local\wp-content\themes\fictional-university-theme\single-professor.php on line 54
[13-Feb-2023 08:04:55 UTC] Xdebug: [Step Debug] Time-out connecting to debugging client, waited: 200 ms. Tried: localhost:9000 (through xdebug.client_host/xdebug.client_port) :-(
[13-Feb-2023 08:04:55 UTC] Xdebug: [Step Debug] Time-out connecting to debugging client, waited: 200 ms. Tried: localhost:9000 (through xdebug.client_host/xdebug.client_port) :-(
[13-Feb-2023 08:12:38 UTC] PHP Notice:  Undefined offset: 0 in C:\xampp\htdocs\fictional-university.local\wp-content\themes\fictional-university-theme\single-professor.php on line 54
[13-Feb-2023 08:12:38 UTC] PHP Notice:  Trying to get property 'ID' of non-object in C:\xampp\htdocs\fictional-university.local\wp-content\themes\fictional-university-theme\single-professor.php on line 54
[13-Feb-2023 08:12:39 UTC] Xdebug: [Step Debug] Time-out connecting to debugging client, waited: 200 ms. Tried: localhost:9000 (through xdebug.client_host/xdebug.client_port) :-(
[13-Feb-2023 08:12:39 UTC] Xdebug: [Step Debug] Time-out connecting to debugging client, waited: 200 ms. Tried: localhost:9000 (through xdebug.client_host/xdebug.client_port) :-(
[13-Feb-2023 08:12:52 UTC] PHP Notice:  Undefined offset: 0 in C:\xampp\htdocs\fictional-university.local\wp-content\themes\fictional-university-theme\single-professor.php on line 54
[13-Feb-2023 08:12:52 UTC] PHP Notice:  Trying to get property 'ID' of non-object in C:\xampp\htdocs\fictional-university.local\wp-content\themes\fictional-university-theme\single-professor.php on line 54
[13-Feb-2023 08:12:52 UTC] Xdebug: [Step Debug] Time-out connecting to debugging client, waited: 200 ms. Tried: localhost:9000 (through xdebug.client_host/xdebug.client_port) :-(
[13-Feb-2023 08:12:52 UTC] Xdebug: [Step Debug] Time-out connecting to debugging client, waited: 200 ms. Tried: localhost:9000 (through xdebug.client_host/xdebug.client_port) :-(
[13-Feb-2023 08:52:22 UTC] PHP Notice:  Undefined offset: 0 in C:\xampp\htdocs\fictional-university.local\wp-content\themes\fictional-university-theme\single-professor.php on line 54
[13-Feb-2023 08:52:22 UTC] PHP Notice:  Trying to get property 'ID' of non-object in C:\xampp\htdocs\fictional-university.local\wp-content\themes\fictional-university-theme\single-professor.php on line 54
[13-Feb-2023 08:52:22 UTC] Xdebug: [Step Debug] Time-out connecting to debugging client, waited: 200 ms. Tried: localhost:9000 (through xdebug.client_host/xdebug.client_port) :-(
[13-Feb-2023 08:52:23 UTC] Xdebug: [Step Debug] Time-out connecting to debugging client, waited: 200 ms. Tried: localhost:9000 (through xdebug.client_host/xdebug.client_port) :-(
[13-Feb-2023 08:56:28 UTC] Xdebug: [Step Debug] Time-out connecting to debugging client, waited: 200 ms. Tried: localhost:9000 (through xdebug.client_host/xdebug.client_port) :-(
[13-Feb-2023 08:56:29 UTC] Xdebug: [Step Debug] Time-out connecting to debugging client, waited: 200 ms. Tried: localhost:9000 (through xdebug.client_host/xdebug.client_port) :-(
[13-Feb-2023 09:00:56 UTC] PHP Notice:  Undefined offset: 0 in C:\xampp\htdocs\fictional-university.local\wp-content\themes\fictional-university-theme\single-professor.php on line 54
[13-Feb-2023 09:00:56 UTC] PHP Notice:  Trying to get property 'ID' of non-object in C:\xampp\htdocs\fictional-university.local\wp-content\themes\fictional-university-theme\single-professor.php on line 54
[13-Feb-2023 09:00:56 UTC] Xdebug: [Step Debug] Time-out connecting to debugging client, waited: 200 ms. Tried: localhost:9000 (through xdebug.client_host/xdebug.client_port) :-(
[13-Feb-2023 09:00:57 UTC] Xdebug: [Step Debug] Time-out connecting to debugging client, waited: 200 ms. Tried: localhost:9000 (through xdebug.client_host/xdebug.client_port) :-(
[13-Feb-2023 09:04:36 UTC] PHP Notice:  Undefined offset: 0 in C:\xampp\htdocs\fictional-university.local\wp-content\themes\fictional-university-theme\single-professor.php on line 54
[13-Feb-2023 09:04:36 UTC] PHP Notice:  Trying to get property 'ID' of non-object in C:\xampp\htdocs\fictional-university.local\wp-content\themes\fictional-university-theme\single-professor.php on line 54
[13-Feb-2023 09:04:37 UTC] Xdebug: [Step Debug] Time-out connecting to debugging client, waited: 200 ms. Tried: localhost:9000 (through xdebug.client_host/xdebug.client_port) :-(
[13-Feb-2023 09:04:37 UTC] Xdebug: [Step Debug] Time-out connecting to debugging client, waited: 200 ms. Tried: localhost:9000 (through xdebug.client_host/xdebug.client_port) :-(
[13-Feb-2023 09:18:50 UTC] Xdebug: [Step Debug] Time-out connecting to debugging client, waited: 200 ms. Tried: localhost:9000 (through xdebug.client_host/xdebug.client_port) :-(
[13-Feb-2023 09:18:50 UTC] Xdebug: [Step Debug] Time-out connecting to debugging client, waited: 200 ms. Tried: localhost:9000 (through xdebug.client_host/xdebug.client_port) :-(
[13-Feb-2023 16:11:56 UTC] Cron reschedule event error for hook: wp_site_health_scheduled_check, Error code: could_not_set, Error message: The cron event list could not be saved., Data: {"schedule":"weekly","args":[],"interval":604800}
[13-Feb-2023 16:11:56 UTC] Xdebug: [Step Debug] Time-out connecting to debugging client, waited: 200 ms. Tried: localhost:9000 (through xdebug.client_host/xdebug.client_port) :-(
[13-Feb-2023 16:11:57 UTC] Xdebug: [Step Debug] Time-out connecting to debugging client, waited: 200 ms. Tried: localhost:9000 (through xdebug.client_host/xdebug.client_port) :-(
[13-Feb-2023 16:12:05 UTC] Xdebug: [Step Debug] Time-out connecting to debugging client, waited: 200 ms. Tried: localhost:9000 (through xdebug.client_host/xdebug.client_port) :-(
[13-Feb-2023 16:12:05 UTC] Xdebug: [Step Debug] Time-out connecting to debugging client, waited: 200 ms. Tried: localhost:9000 (through xdebug.client_host/xdebug.client_port) :-(
[13-Feb-2023 16:12:06 UTC] Xdebug: [Step Debug] Time-out connecting to debugging client, waited: 200 ms. Tried: localhost:9000 (through xdebug.client_host/xdebug.client_port) :-(
[13-Feb-2023 16:12:06 UTC] Xdebug: [Step Debug] Time-out connecting to debugging client, waited: 200 ms. Tried: localhost:9000 (through xdebug.client_host/xdebug.client_port) :-(
[13-Feb-2023 16:12:07 UTC] Xdebug: [Step Debug] Time-out connecting to debugging client, waited: 200 ms. Tried: localhost:9000 (through xdebug.client_host/xdebug.client_port) :-(
[13-Feb-2023 16:12:07 UTC] Xdebug: [Step Debug] Time-out connecting to debugging client, waited: 200 ms. Tried: localhost:9000 (through xdebug.client_host/xdebug.client_port) :-(
[13-Feb-2023 16:12:07 UTC] Xdebug: [Step Debug] Time-out connecting to debugging client, waited: 200 ms. Tried: localhost:9000 (through xdebug.client_host/xdebug.client_port) :-(
[13-Feb-2023 16:12:08 UTC] Xdebug: [Step Debug] Time-out connecting to debugging client, waited: 200 ms. Tried: localhost:9000 (through xdebug.client_host/xdebug.client_port) :-(
[13-Feb-2023 16:12:09 UTC] Xdebug: [Step Debug] Time-out connecting to debugging client, waited: 200 ms. Tried: localhost:9000 (through xdebug.client_host/xdebug.client_port) :-(
[13-Feb-2023 16:12:09 UTC] Xdebug: [Step Debug] Time-out connecting to debugging client, waited: 200 ms. Tried: localhost:9000 (through xdebug.client_host/xdebug.client_port) :-(
[13-Feb-2023 16:12:09 UTC] Xdebug: [Step Debug] Time-out connecting to debugging client, waited: 200 ms. Tried: localhost:9000 (through xdebug.client_host/xdebug.client_port) :-(
[13-Feb-2023 16:12:09 UTC] Xdebug: [Step Debug] Time-out connecting to debugging client, waited: 200 ms. Tried: localhost:9000 (through xdebug.client_host/xdebug.client_port) :-(
[13-Feb-2023 16:12:10 UTC] Xdebug: [Step Debug] Time-out connecting to debugging client, waited: 200 ms. Tried: localhost:9000 (through xdebug.client_host/xdebug.client_port) :-(
[13-Feb-2023 16:12:10 UTC] Xdebug: [Step Debug] Time-out connecting to debugging client, waited: 200 ms. Tried: localhost:9000 (through xdebug.client_host/xdebug.client_port) :-(
[13-Feb-2023 16:12:11 UTC] Xdebug: [Step Debug] Time-out connecting to debugging client, waited: 200 ms. Tried: localhost:9000 (through xdebug.client_host/xdebug.client_port) :-(
[13-Feb-2023 16:12:11 UTC] Xdebug: [Step Debug] Time-out connecting to debugging client, waited: 200 ms. Tried: localhost:9000 (through xdebug.client_host/xdebug.client_port) :-(
[13-Feb-2023 16:12:12 UTC] Xdebug: [Step Debug] Time-out connecting to debugging client, waited: 200 ms. Tried: localhost:9000 (through xdebug.client_host/xdebug.client_port) :-(
[13-Feb-2023 16:12:12 UTC] Xdebug: [Step Debug] Time-out connecting to debugging client, waited: 200 ms. Tried: localhost:9000 (through xdebug.client_host/xdebug.client_port) :-(
[13-Feb-2023 16:12:13 UTC] Xdebug: [Step Debug] Time-out connecting to debugging client, waited: 200 ms. Tried: localhost:9000 (through xdebug.client_host/xdebug.client_port) :-(
[13-Feb-2023 16:12:13 UTC] Xdebug: [Step Debug] Time-out connecting to debugging client, waited: 200 ms. Tried: localhost:9000 (through xdebug.client_host/xdebug.client_port) :-(
[13-Feb-2023 16:12:17 UTC] Xdebug: [Step Debug] Time-out connecting to debugging client, waited: 200 ms. Tried: localhost:9000 (through xdebug.client_host/xdebug.client_port) :-(
[13-Feb-2023 16:12:17 UTC] Xdebug: [Step Debug] Time-out connecting to debugging client, waited: 200 ms. Tried: localhost:9000 (through xdebug.client_host/xdebug.client_port) :-(
[13-Feb-2023 16:12:18 UTC] Xdebug: [Step Debug] Time-out connecting to debugging client, waited: 200 ms. Tried: localhost:9000 (through xdebug.client_host/xdebug.client_port) :-(
[13-Feb-2023 16:12:18 UTC] Xdebug: [Step Debug] Time-out connecting to debugging client, waited: 200 ms. Tried: localhost:9000 (through xdebug.client_host/xdebug.client_port) :-(
